Traceback (most recent call last):
  File "insert.py", line 28, in <module>
    cur.execute('insert into  webapp_ptt_main(url, author, title, content, date) VALUES(\'%s\',\'%s\',\'%s\',\'%s\',\'%s\')'%(url,author, title, content[4].strip().encode('utf-8'), time))        
TypeError: 'NoneType' object is not callable
https://www.ptt.cc/bbs/DC/M.1309625220.A.1BB.html
https://www.ptt.cc/bbs/DC/M.1309626692.A.74F.html
https://www.ptt.cc/bbs/DC/M.1309626827.A.20B.html
https://www.ptt.cc/bbs/DC/M.1309629933.A.A0A.html
https://www.ptt.cc/bbs/DC/M.1309630494.A.237.html
https://www.ptt.cc/bbs/DC/M.1309632272.A.D95.html
https://www.ptt.cc/bbs/DC/M.1309632565.A.6D4.html
https://www.ptt.cc/bbs/DC/M.1309649707.A.D50.html
https://www.ptt.cc/bbs/DC/M.1309657571.A.B6C.html
https://www.ptt.cc/bbs/DC/M.1309659567.A.CF3.html
https://www.ptt.cc/bbs/DC/M.1309661762.A.486.html
https://www.ptt.cc/bbs/DC/M.1309667931.A.7D3.html
https://www.ptt.cc/bbs/DC/M.1309675441.A.5DF.html
https://www.ptt.cc/bbs/DC/M.1309676076.A.FDE.html
https://www.ptt.cc/bbs/DC/M.1309679732.A.2FD.html
https://www.ptt.cc/bbs/DC/M.1309681194.A.FE7.html
https://www.ptt.cc/bbs/DC/M.1309684759.A.702.html
https://www.ptt.cc/bbs/DC/M.1309690945.A.AE8.html
https://www.ptt.cc/bbs/DC/M.1309691021.A.729.html
https://www.ptt.cc/bbs/DC/M.1309693120.A.A35.html
https://www.ptt.cc/bbs/DC/M.1309694406.A.1D5.html
https://www.ptt.cc/bbs/DC/M.1309696201.A.3D4.html
https://www.ptt.cc/bbs/DC/M.1309698205.A.F09.html
https://www.ptt.cc/bbs/DC/M.1309701240.A.09E.html
https://www.ptt.cc/bbs/DC/M.1309701614.A.A28.html
https://www.ptt.cc/bbs/DC/M.1309702092.A.FE0.html
https://www.ptt.cc/bbs/DC/M.1309705468.A.FBE.html
https://www.ptt.cc/bbs/DC/M.1309705537.A.A97.html
https://www.ptt.cc/bbs/DC/M.1309706130.A.FBF.html
https://www.ptt.cc/bbs/DC/M.1309706842.A.685.html
https://www.ptt.cc/bbs/DC/M.1309707889.A.94F.html
https://www.ptt.cc/bbs/DC/M.1309710109.A.4B7.html
https://www.ptt.cc/bbs/DC/M.1309712862.A.E04.html
https://www.ptt.cc/bbs/DC/M.1309716712.A.F00.html
https://www.ptt.cc/bbs/DC/M.1309719346.A.93A.html
https://www.ptt.cc/bbs/DC/M.1309723935.A.195.html
https://www.ptt.cc/bbs/DC/M.1309746625.A.A6C.html
https://www.ptt.cc/bbs/DC/M.1309751381.A.E0B.html
https://www.ptt.cc/bbs/DC/M.1309751729.A.A1F.html
https://www.ptt.cc/bbs/DC/M.1309760442.A.651.html
https://www.ptt.cc/bbs/DC/M.1309764529.A.1A2.html
https://www.ptt.cc/bbs/DC/M.1309771374.A.CC8.html
https://www.ptt.cc/bbs/DC/M.1309777327.A.B87.html
https://www.ptt.cc/bbs/DC/M.1309778692.A.AA9.html
https://www.ptt.cc/bbs/DC/M.1309787377.A.2BC.html
https://www.ptt.cc/bbs/DC/M.1309788291.A.21E.html
https://www.ptt.cc/bbs/DC/M.1309789557.A.D82.html
https://www.ptt.cc/bbs/DC/M.1309790002.A.57C.html
https://www.ptt.cc/bbs/DC/M.1309790018.A.DFE.html
https://www.ptt.cc/bbs/DC/M.1309790644.A.92B.html
https://www.ptt.cc/bbs/DC/M.1309792587.A.129.html
https://www.ptt.cc/bbs/DC/M.1309792806.A.335.html
https://www.ptt.cc/bbs/DC/M.1309803921.A.538.html
https://www.ptt.cc/bbs/DC/M.1309822850.A.AD4.html
https://www.ptt.cc/bbs/DC/M.1309823628.A.2D3.html
https://www.ptt.cc/bbs/DC/M.1309829915.A.BA7.html
https://www.ptt.cc/bbs/DC/M.1309834269.A.E85.html
https://www.ptt.cc/bbs/DC/M.1309845859.A.C83.html
https://www.ptt.cc/bbs/DC/M.1309848651.A.2D5.html
https://www.ptt.cc/bbs/DC/M.1309859113.A.AB6.html
https://www.ptt.cc/bbs/DC/M.1309859386.A.789.html
https://www.ptt.cc/bbs/DC/M.1309862671.A.B0D.html
https://www.ptt.cc/bbs/DC/M.1309937070.A.7BC.html
https://www.ptt.cc/bbs/DC/M.1309940623.A.5F6.html
https://www.ptt.cc/bbs/DC/M.1309940962.A.79D.html
https://www.ptt.cc/bbs/DC/M.1309949024.A.F15.html
https://www.ptt.cc/bbs/DC/M.1310049767.A.FBB.html
https://www.ptt.cc/bbs/DC/M.1310052297.A.DBC.html
https://www.ptt.cc/bbs/DC/M.1310054253.A.407.html
https://www.ptt.cc/bbs/DC/M.1310054928.A.FE2.html
https://www.ptt.cc/bbs/DC/M.1310055374.A.A10.html
https://www.ptt.cc/bbs/DC/M.1310055754.A.908.html
https://www.ptt.cc/bbs/DC/M.1310057092.A.EA2.html
https://www.ptt.cc/bbs/DC/M.1310058318.A.0C5.html
https://www.ptt.cc/bbs/DC/M.1310060938.A.ADD.html
https://www.ptt.cc/bbs/DC/M.1310071807.A.D4D.html
https://www.ptt.cc/bbs/DC/M.1310082600.A.CB9.html
https://www.ptt.cc/bbs/DC/M.1310094117.A.122.html
https://www.ptt.cc/bbs/DC/M.1310104205.A.D30.html
https://www.ptt.cc/bbs/DC/M.1310108815.A.46A.html
https://www.ptt.cc/bbs/DC/M.1310108834.A.247.html
https://www.ptt.cc/bbs/DC/M.1310110867.A.7CD.hhttps://www.ptt.cc/bbs/DC/M.1309625220.A.1BB.html
https://www.ptt.cc/bbs/DC/M.1309626692.A.74F.html
https://www.ptt.cc/bbs/DC/M.1309626827.A.20B.html
https://www.ptt.cc/bbs/DC/M.1309629933.A.A0A.html
https://www.ptt.cc/bbs/DC/M.1309630494.A.237.html
https://www.ptt.cc/bbs/DC/M.1309632272.A.D95.html
https://www.ptt.cc/bbs/DC/M.1309632565.A.6D4.html
https://www.ptt.cc/bbs/DC/M.1309649707.A.D50.html
https://www.ptt.cc/bbs/DC/M.1309657571.A.B6C.html
https://www.ptt.cc/bbs/DC/M.1309659567.A.CF3.html
https://www.ptt.cc/bbs/DC/M.1309661762.A.486.html
https://www.ptt.cc/bbs/DC/M.1309667931.A.7D3.html
https://www.ptt.cc/bbs/DC/M.1309675441.A.5DF.html
https://www.ptt.cc/bbs/DC/M.1309676076.A.FDE.html
https://www.ptt.cc/bbs/DC/M.1309679732.A.2FD.html
https://www.ptt.cc/bbs/DC/M.1309681194.A.FE7.html
https://www.ptt.cc/bbs/DC/M.1309684759.A.702.html
https://www.ptt.cc/bbs/DC/M.1309690945.A.AE8.html
https://www.ptt.cc/bbs/DC/M.1309691021.A.729.html
https://www.ptt.cc/bbs/DC/M.1309693120.A.A35.html
https://www.ptt.cc/bbs/DC/M.1309694406.A.1D5.html
https://www.ptt.cc/bbs/DC/M.1309696201.A.3D4.html
https://www.ptt.cc/bbs/DC/M.1309698205.A.F09.html
https://www.ptt.cc/bbs/DC/M.1309701240.A.09E.html
https://www.ptt.cc/bbs/DC/M.1309701614.A.A28.html
https://www.ptt.cc/bbs/DC/M.1309702092.A.FE0.html
https://www.ptt.cc/bbs/DC/M.1309705468.A.FBE.html
https://www.ptt.cc/bbs/DC/M.1309705537.A.A97.html
https://www.ptt.cc/bbs/DC/M.1309706130.A.FBF.html
https://www.ptt.cc/bbs/DC/M.1309706842.A.685.html
https://www.ptt.cc/bbs/DC/M.1309707889.A.94F.html
https://www.ptt.cc/bbs/DC/M.1309710109.A.4B7.html
https://www.ptt.cc/bbs/DC/M.1309712862.A.E04.html
https://www.ptt.cc/bbs/DC/M.1309716712.A.F00.html
https://www.ptt.cc/bbs/DC/M.1309719346.A.93A.html
https://www.ptt.cc/bbs/DC/M.1309723935.A.195.html
https://www.ptt.cc/bbs/DC/M.1309746625.A.A6C.html
https://www.ptt.cc/bbs/DC/M.1309751381.A.E0B.html
https://www.ptt.cc/bbs/DC/M.1309751729.A.A1F.html
https://www.ptt.cc/bbs/DC/M.1309760442.A.651.html
https://www.ptt.cc/bbs/DC/M.1309764529.A.1A2.html
https://www.ptt.cc/bbs/DC/M.1309771374.A.CC8.html
https://www.ptt.cc/bbs/DC/M.1309777327.A.B87.html
https://www.ptt.cc/bbs/DC/M.1309778692.A.AA9.html
https://www.ptt.cc/bbs/DC/M.1309787377.A.2BC.html
https://www.ptt.cc/bbs/DC/M.1309788291.A.21E.html
https://www.ptt.cc/bbs/DC/M.1309789557.A.D82.html
https://www.ptt.cc/bbs/DC/M.1309790002.A.57C.html
https://www.ptt.cc/bbs/DC/M.1309790018.A.DFE.html
https://www.ptt.cc/bbs/DC/M.1309790644.A.92B.html
https://www.ptt.cc/bbs/DC/M.1309792587.A.129.html
https://www.ptt.cc/bbs/DC/M.1309792806.A.335.html
https://www.ptt.cc/bbs/DC/M.1309803921.A.538.html
https://www.ptt.cc/bbs/DC/M.1309822850.A.AD4.html
https://www.ptt.cc/bbs/DC/M.1309823628.A.2D3.html
https://www.ptt.cc/bbs/DC/M.1309829915.A.BA7.html
https://www.ptt.cc/bbs/DC/M.1309834269.A.E85.html
https://www.ptt.cc/bbs/DC/M.1309845859.A.C83.html
https://www.ptt.cc/bbs/DC/M.1309848651.A.2D5.html
https://www.ptt.cc/bbs/DC/M.1309859113.A.AB6.html
https://www.ptt.cc/bbs/DC/M.1309859386.A.789.html
https://www.ptt.cc/bbs/DC/M.1309860263.A.082.html
https://www.ptt.cc/bbs/DC/M.1309862343.A.369.html
https://www.ptt.cc/bbs/DC/M.1309862671.A.B0D.html
https://www.ptt.cc/bbs/DC/M.1309866899.A.FAF.html
https://www.ptt.cc/bbs/DC/M.1309868148.A.9BD.html
https://www.ptt.cc/bbs/DC/M.1309869767.A.4C6.html
https://www.ptt.cc/bbs/DC/M.1309874913.A.3E5.html
https://www.ptt.cc/bbs/DC/M.1309875470.A.A2D.html
https://www.ptt.cc/bbs/DC/M.1309875694.A.BD5.html
https://www.ptt.cc/bbs/DC/M.1309885533.A.F3C.html
https://www.ptt.cc/bbs/DC/M.1309886791.A.C0E.html
https://www.ptt.cc/bbs/DC/M.1309886810.A.F14.html
https://www.ptt.cc/bbs/DC/M.1309887200.A.31D.html
https://www.ptt.cc/bbs/DC/M.1309894338.A.8D1.html
https://www.ptt.cc/bbs/DC/M.1309916963.A.FFC.html
https://www.ptt.cc/bbs/DC/M.1309920980.A.30D.html
https://www.ptt.cc/bbs/DC/M.1309921544.A.10C.html
https://www.ptt.cc/bbs/DC/M.1309923639.A.7F1.html
https://www.ptt.cc/bbs/DC/M.1309930225.A.DA7.html
https://www.ptt.cc/bbs/DC/M.1309937070.A.7BC.html
https://www.ptt.cc/bbs/DC/M.1309940623.A.5F6.html
https://www.ptt.cc/bbs/DC/M.1309940962.A.79D.html
https://www.ptt.cc/bbs/DC/M.1309941152.A.650.html
https://www.ptt.cc/bbs/DC/M.1309949024.A.F15.html
https://www.ptt.cc/bbs/DC/M.1309957960.A.28E.html
https://www.ptt.cc/bbs/DC/M.1309959533.A.57B.html
https://www.ptt.cc/bbs/DC/M.1309964434.A.E34.html
https://www.ptt.cc/bbs/DC/M.1309967173.A.E89.html
https://www.ptt.cc/bbs/DC/M.1309967443.A.F1D.html
https://www.ptt.cc/bbs/DC/M.1309969257.A.095.html
https://www.ptt.cc/bbs/DC/M.1309970309.A.B09.html
https://www.ptt.cc/bbs/DC/M.1309970915.A.B53.html
https://www.ptt.cc/bbs/DC/M.1309979915.A.9EF.html
https://www.ptt.cc/bbs/DC/M.1309994672.A.8BD.html
https://www.ptt.cc/bbs/DC/M.1310008995.A.E47.html
https://www.ptt.cc/bbs/DC/M.1310012573.A.977.html
https://www.ptt.cc/bbs/DC/M.1310019046.A.C5B.html
https://www.ptt.cc/bbs/DC/M.1310021467.A.2F9.html
https://www.ptt.cc/bbs/DC/M.1310022763.A.512.html
https://www.ptt.cc/bbs/DC/M.1310025334.A.571.html
https://www.ptt.cc/bbs/DC/M.1310030030.A.3FA.html
https://www.ptt.cc/bbs/DC/M.1310032980.A.2B3.html
https://www.ptt.cc/bbs/DC/M.1310034569.A.B31.html
https://www.ptt.cc/bbs/DC/M.1310042348.A.2BD.html
https://www.ptt.cc/bbs/DC/M.1310044869.A.B60.html
https://www.ptt.cc/bbs/DC/M.1310046855.A.73C.html
https://www.ptt.cc/bbs/DC/M.1310047649.A.8F7.html
https://www.ptt.cc/bbs/DC/M.1310049140.A.B61.html
https://www.ptt.cc/bbs/DC/M.1310049767.A.FBB.html
https://www.ptt.cc/bbs/DC/M.1310052297.A.DBC.html
https://www.ptt.cc/bbs/DC/M.1310054253.A.407.html
https://www.ptt.cc/bbs/DC/M.1310054928.A.FE2.html
https://www.ptt.cc/bbs/DC/M.1310055374.A.A10.html
https://www.ptt.cc/bbs/DC/M.1310055754.A.908.html
https://www.ptt.cc/bbs/DC/M.1310057092.A.EA2.html
https://www.ptt.cc/bbs/DC/M.1310058318.A.0C5.html
https://www.ptt.cc/bbs/DC/M.1310060938.A.ADD.html
https://www.ptt.cc/bbs/DC/M.1310071807.A.D4D.html
https://www.ptt.cc/bbs/DC/M.1310082600.A.CB9.html
https://www.ptt.cc/bbs/DC/M.1310094117.A.122.html
https://www.ptt.cc/bbs/DC/M.1310104205.A.D30.html
https://www.ptt.cc/bbs/DC/M.1310108815.A.46A.html
https://www.ptt.cc/bbs/DC/M.1310108834.A.247.html
https://www.ptt.cc/bbs/DC/M.1310110867.A.7CD.html
https://www.ptt.cc/bbs/DC/M.1310115564.A.E0C.html
https://www.ptt.cc/bbs/DC/M.1310117247.A.2C1.html
https://www.ptt.cc/bbs/DC/M.1310119010.A.70C.html
https://www.ptt.cc/bbs/DC/M.1310122771.A.EE0.html
https://www.ptt.cc/bbs/DC/M.1310129201.A.64D.html
https://www.ptt.cc/bbs/DC/M.1310133032.A.05D.html
https://www.ptt.cc/bbs/DC/M.1310136490.A.A6C.html
https://www.ptt.cc/bbs/DC/M.1310143629.A.775.html
https://www.ptt.cc/bbs/DC/M.1310145385.A.A9C.html
https://www.ptt.cc/bbs/DC/M.1310146164.A.D39.html
https://www.ptt.cc/bbs/DC/M.1310146790.A.340.html
https://www.ptt.cc/bbs/DC/M.1310149060.A.900.html
https://www.ptt.cc/bbs/DC/M.1310152904.A.E16.html
https://www.ptt.cc/bbs/DC/M.1310158899.A.417.html
https://www.ptt.cc/bbs/DC/M.1310171503.A.FFD.html
https://www.ptt.cc/bbs/DC/M.1310182206.A.BAF.html
https://www.ptt.cc/bbs/DC/M.1310189549.A.37F.html
https://www.ptt.cc/bbs/DC/M.1310192066.A.F01.html
https://www.ptt.cc/bbs/DC/M.1310194445.A.906.html
https://www.ptt.cc/bbs/DC/M.1310198375.A.99F.html
https://www.ptt.cc/bbs/DC/M.1310199782.A.650.html
https://www.ptt.cc/bbs/DC/M.1310206036.A.921.html
https://www.ptt.cc/bbs/DC/M.1310211694.A.07C.html
https://www.ptt.cc/bbs/DC/M.1310213166.A.7F7.html
https://www.ptt.cc/bbs/DC/M.1310214536.A.7C7.html
https://www.ptt.cc/bbs/DC/M.1310215639.A.43C.html
https://www.ptt.cc/bbs/DC/M.1310219749.A.51D.html
https://www.ptt.cc/bbs/DC/M.1310221600.A.FE3.html
https://www.ptt.cc/bbs/DC/M.1310222344.A.3AF.html
https://www.ptt.cc/bbs/DC/M.1310222691.A.EB0.html
https://www.ptt.cc/bbs/DC/M.1310222834.A.DCF.html
https://www.ptt.cc/bbs/DC/M.1310223615.A.5CA.html
https://www.ptt.cc/bbs/DC/M.1310226107.A.3A1.html
https://www.ptt.cc/bbs/DC/M.1310227305.A.C43.html
https://www.ptt.cc/bbs/DC/M.1310229385.A.10C.html
https://www.ptt.cc/bbs/DC/M.1310231758.A.C83.html
https://www.ptt.cc/bbs/DC/M.1310235420.A.612.html
https://www.ptt.cc/bbs/DC/M.1310236192.A.AAB.html
https://www.ptt.cc/bbs/DC/M.1310254155.A.43D.html
https://www.ptt.cc/bbs/DC/M.1310265905.A.F54.html
https://www.ptt.cc/bbs/DC/M.1310271496.A.CF7.html
https://www.ptt.cc/bbs/DC/M.1310273647.A.604.html
https://www.ptt.cc/bbs/DC/M.1310279356.A.131.html
https://www.ptt.cc/bbs/DC/M.1310283029.A.FE6.html
https://www.ptt.cc/bbs/DC/M.1310283975.A.111.html
https://www.ptt.cc/bbs/DC/M.1310285676.A.8EF.html
https://www.ptt.cc/bbs/DC/M.1310295748.A.076.html
https://www.ptt.cc/bbs/DC/M.1310297876.A.78E.html
https://www.ptt.cc/bbs/DC/M.1310297983.A.769.html
https://www.ptt.cc/bbs/DC/M.1310299705.A.28A.html
https://www.ptt.cc/bbs/DC/M.1310306229.A.127.html
https://www.ptt.cc/bbs/DC/M.1310306886.A.CB1.html
https://www.ptt.cc/bbs/DC/M.1310307468.A.6DB.html
https://www.ptt.cc/bbs/DC/M.1310307884.A.964.html
https://www.ptt.cc/bbs/DC/M.1310309303.A.D27.html
https://www.ptt.cc/bbs/DC/M.1310311026.A.6BB.html
https://www.ptt.cc/bbs/DC/M.1310313447.A.215.html
https://www.ptt.cc/bbs/DC/M.1310314906.A.EE7.html
https://www.ptt.cc/bbs/DC/M.1310320409.A.CC5.html
https://www.ptt.cc/bbs/DC/M.1310324972.A.CD4.html
https://www.ptt.cc/bbs/DC/M.1310338027.A.F95.html
https://www.ptt.cc/bbs/DC/M.1310359024.A.FF7.html
https://www.ptt.cc/bbs/DC/M.1310359635.A.4AE.html
https://www.ptt.cc/bbs/DC/M.1310359980.A.210.html
https://www.ptt.cc/bbs/DC/M.1310363632.A.09D.html
https://www.ptt.cc/bbs/DC/M.1310366334.A.1DA.html
https://www.ptt.cc/bbs/DC/M.1310367148.A.4A4.html
https://www.ptt.cc/bbs/DC/M.1310369954.A.B83.html
https://www.ptt.cc/bbs/DC/M.1310373302.A.F44.html
https://www.ptt.cc/bbs/DC/M.1310374830.A.025.html
https://www.ptt.cc/bbs/DC/M.1310374992.A.C68.html
https://www.ptt.cc/bbs/DC/M.1310377581.A.9F2.html
https://www.ptt.cc/bbs/DC/M.1310378651.A.2DA.html
https://www.ptt.cc/bbs/DC/M.1310384491.A.6A1.html
https://www.ptt.cc/bbs/DC/M.1310386399.A.A30.html
https://www.ptt.cc/bbs/DC/M.1310387949.A.F7A.html
https://www.ptt.cc/bbs/DC/M.1310391070.A.E96.html
https://www.ptt.cc/bbs/DC/M.1310393123.A.D95.html
https://www.ptt.cc/bbs/DC/M.1310397809.A.1A3.html
https://www.ptt.cc/bbs/DC/M.1310397818.A.6F4.html
https://www.ptt.cc/bbs/DC/M.1310401890.A.AE6.html
https://www.ptt.cc/bbs/DC/M.1310403916.A.8D3.html
https://www.ptt.cc/bbs/DC/M.1310407178.A.2F0.html
https://www.ptt.cc/bbs/DC/M.1310408928.A.DA2.html
https://www.ptt.cc/bbs/DC/M.1310410502.A.11C.html
https://www.ptt.cc/bbs/DC/M.1310410633.A.074.html
https://www.ptt.cc/bbs/DC/M.1310429050.A.EAD.html
https://www.ptt.cc/bbs/DC/M.1310441131.A.4BC.html
https://www.ptt.cc/bbs/DC/M.1310441190.A.E4B.html
https://www.ptt.cc/bbs/DC/M.1310450514.A.253.html
https://www.ptt.cc/bbs/DC/M.1310451536.A.D5D.html
https://www.ptt.cc/bbs/DC/M.1310451631.A.8E0.html
https://www.ptt.cc/bbs/DC/M.1310452236.A.368.html
https://www.ptt.cc/bbs/DC/M.1310458475.A.A41.html
https://www.ptt.cc/bbs/DC/M.1310458638.A.A06.html
https://www.ptt.cc/bbs/DC/M.1310459762.A.20B.html
https://www.ptt.cc/bbs/DC/M.1310460581.A.C1E.html
https://www.ptt.cc/bbs/DC/M.1310465410.A.61E.html
https://www.ptt.cc/bbs/DC/M.1310468977.A.E62.html
https://www.ptt.cc/bbs/DC/M.1310471825.A.CAC.html
https://www.ptt.cc/bbs/DC/M.1310474232.A.432.html
https://www.ptt.cc/bbs/DC/M.1310474909.A.233.html
https://www.ptt.cc/bbs/DC/M.1310474978.A.632.html
https://www.ptt.cc/bbs/DC/M.1310475472.A.F1A.html
https://www.ptt.cc/bbs/DC/M.1310476384.A.443.html
https://www.ptt.cc/bbs/DC/M.1310480725.A.E23.html
https://www.ptt.cc/bbs/DC/M.1310481081.A.B64.html
https://www.ptt.cc/bbs/DC/M.1310482550.A.F16.html
https://www.ptt.cc/bbs/DC/M.1310483117.A.D53.html
https://www.ptt.cc/bbs/DC/M.1310483419.A.18C.html
https://www.ptt.cc/bbs/DC/M.1310483698.A.CD7.html
https://www.ptt.cc/bbs/DC/M.1310487107.A.369.html
https://www.ptt.cc/bbs/DC/M.1310488847.A.461.html
https://www.ptt.cc/bbs/DC/M.1310489935.A.1DC.html
https://www.ptt.cc/bbs/DC/M.1310491633.A.5AE.html
https://www.ptt.cc/bbs/DC/M.1310500452.A.699.html
https://www.ptt.cc/bbs/DC/M.1310528513.A.625.html
https://www.ptt.cc/bbs/DC/M.1310529583.A.EA1.html
https://www.ptt.cc/bbs/DC/M.1310532071.A.07F.html
https://www.ptt.cc/bbs/DC/M.1310534447.A.276.html
https://www.ptt.cc/bbs/DC/M.1310537864